mode: set
github.com/jsonSM99/backpack-bcgow6-jeisson-santiesteban/go_web/integracion/internal/transactions/mock_store.go:13.58,15.24 2 1
github.com/jsonSM99/backpack-bcgow6-jeisson-santiesteban/go_web/integracion/internal/transactions/mock_store.go:19.2,20.16 2 1
github.com/jsonSM99/backpack-bcgow6-jeisson-santiesteban/go_web/integracion/internal/transactions/mock_store.go:23.2,25.16 2 1
github.com/jsonSM99/backpack-bcgow6-jeisson-santiesteban/go_web/integracion/internal/transactions/mock_store.go:28.2,28.12 1 1
github.com/jsonSM99/backpack-bcgow6-jeisson-santiesteban/go_web/integracion/internal/transactions/mock_store.go:15.24,17.3 1 0
github.com/jsonSM99/backpack-bcgow6-jeisson-santiesteban/go_web/integracion/internal/transactions/mock_store.go:20.16,22.3 1 0
github.com/jsonSM99/backpack-bcgow6-jeisson-santiesteban/go_web/integracion/internal/transactions/mock_store.go:25.16,27.3 1 0
github.com/jsonSM99/backpack-bcgow6-jeisson-santiesteban/go_web/integracion/internal/transactions/mock_store.go:31.59,33.25 2 1
github.com/jsonSM99/backpack-bcgow6-jeisson-santiesteban/go_web/integracion/internal/transactions/mock_store.go:37.2,39.16 2 1
github.com/jsonSM99/backpack-bcgow6-jeisson-santiesteban/go_web/integracion/internal/transactions/mock_store.go:43.2,46.16 3 1
github.com/jsonSM99/backpack-bcgow6-jeisson-santiesteban/go_web/integracion/internal/transactions/mock_store.go:50.2,52.12 2 1
github.com/jsonSM99/backpack-bcgow6-jeisson-santiesteban/go_web/integracion/internal/transactions/mock_store.go:33.25,35.3 1 0
github.com/jsonSM99/backpack-bcgow6-jeisson-santiesteban/go_web/integracion/internal/transactions/mock_store.go:39.16,41.3 1 0
github.com/jsonSM99/backpack-bcgow6-jeisson-santiesteban/go_web/integracion/internal/transactions/mock_store.go:46.16,48.3 1 0
github.com/jsonSM99/backpack-bcgow6-jeisson-santiesteban/go_web/integracion/internal/transactions/repository.go:34.47,38.2 1 1
github.com/jsonSM99/backpack-bcgow6-jeisson-santiesteban/go_web/integracion/internal/transactions/repository.go:40.131,44.16 3 0
github.com/jsonSM99/backpack-bcgow6-jeisson-santiesteban/go_web/integracion/internal/transactions/repository.go:47.2,58.39 3 0
github.com/jsonSM99/backpack-bcgow6-jeisson-santiesteban/go_web/integracion/internal/transactions/repository.go:61.2,61.15 1 0
github.com/jsonSM99/backpack-bcgow6-jeisson-santiesteban/go_web/integracion/internal/transactions/repository.go:44.16,46.3 1 0
github.com/jsonSM99/backpack-bcgow6-jeisson-santiesteban/go_web/integracion/internal/transactions/repository.go:58.39,60.3 1 0
github.com/jsonSM99/backpack-bcgow6-jeisson-santiesteban/go_web/integracion/internal/transactions/repository.go:64.54,68.16 3 1
github.com/jsonSM99/backpack-bcgow6-jeisson-santiesteban/go_web/integracion/internal/transactions/repository.go:72.2,72.16 1 1
github.com/jsonSM99/backpack-bcgow6-jeisson-santiesteban/go_web/integracion/internal/transactions/repository.go:68.16,70.3 1 0
github.com/jsonSM99/backpack-bcgow6-jeisson-santiesteban/go_web/integracion/internal/transactions/repository.go:75.44,78.39 3 0
github.com/jsonSM99/backpack-bcgow6-jeisson-santiesteban/go_web/integracion/internal/transactions/repository.go:81.2,81.23 1 0
github.com/jsonSM99/backpack-bcgow6-jeisson-santiesteban/go_web/integracion/internal/transactions/repository.go:86.2,86.24 1 0
github.com/jsonSM99/backpack-bcgow6-jeisson-santiesteban/go_web/integracion/internal/transactions/repository.go:78.39,80.3 1 0
github.com/jsonSM99/backpack-bcgow6-jeisson-santiesteban/go_web/integracion/internal/transactions/repository.go:81.23,82.20 1 0
github.com/jsonSM99/backpack-bcgow6-jeisson-santiesteban/go_web/integracion/internal/transactions/repository.go:82.20,84.4 1 0
github.com/jsonSM99/backpack-bcgow6-jeisson-santiesteban/go_web/integracion/internal/transactions/repository.go:89.132,101.20 3 0
github.com/jsonSM99/backpack-bcgow6-jeisson-santiesteban/go_web/integracion/internal/transactions/repository.go:109.2,109.14 1 0
github.com/jsonSM99/backpack-bcgow6-jeisson-santiesteban/go_web/integracion/internal/transactions/repository.go:112.2,112.15 1 0
github.com/jsonSM99/backpack-bcgow6-jeisson-santiesteban/go_web/integracion/internal/transactions/repository.go:101.20,102.21 1 0
github.com/jsonSM99/backpack-bcgow6-jeisson-santiesteban/go_web/integracion/internal/transactions/repository.go:102.21,106.4 3 0
github.com/jsonSM99/backpack-bcgow6-jeisson-santiesteban/go_web/integracion/internal/transactions/repository.go:109.14,111.3 1 0
github.com/jsonSM99/backpack-bcgow6-jeisson-santiesteban/go_web/integracion/internal/transactions/repository.go:115.43,119.39 3 1
github.com/jsonSM99/backpack-bcgow6-jeisson-santiesteban/go_web/integracion/internal/transactions/repository.go:123.2,123.23 1 1
github.com/jsonSM99/backpack-bcgow6-jeisson-santiesteban/go_web/integracion/internal/transactions/repository.go:129.2,129.17 1 1
github.com/jsonSM99/backpack-bcgow6-jeisson-santiesteban/go_web/integracion/internal/transactions/repository.go:133.2,134.39 2 1
github.com/jsonSM99/backpack-bcgow6-jeisson-santiesteban/go_web/integracion/internal/transactions/repository.go:137.2,137.12 1 1
github.com/jsonSM99/backpack-bcgow6-jeisson-santiesteban/go_web/integracion/internal/transactions/repository.go:119.39,121.3 1 0
github.com/jsonSM99/backpack-bcgow6-jeisson-santiesteban/go_web/integracion/internal/transactions/repository.go:123.23,124.17 1 1
github.com/jsonSM99/backpack-bcgow6-jeisson-santiesteban/go_web/integracion/internal/transactions/repository.go:124.17,126.4 1 1
github.com/jsonSM99/backpack-bcgow6-jeisson-santiesteban/go_web/integracion/internal/transactions/repository.go:129.17,131.3 1 0
github.com/jsonSM99/backpack-bcgow6-jeisson-santiesteban/go_web/integracion/internal/transactions/repository.go:134.39,136.3 1 0
github.com/jsonSM99/backpack-bcgow6-jeisson-santiesteban/go_web/integracion/internal/transactions/repository.go:140.98,142.39 2 1
github.com/jsonSM99/backpack-bcgow6-jeisson-santiesteban/go_web/integracion/internal/transactions/repository.go:146.2,148.23 2 1
github.com/jsonSM99/backpack-bcgow6-jeisson-santiesteban/go_web/integracion/internal/transactions/repository.go:154.2,154.17 1 1
github.com/jsonSM99/backpack-bcgow6-jeisson-santiesteban/go_web/integracion/internal/transactions/repository.go:158.2,160.32 2 1
github.com/jsonSM99/backpack-bcgow6-jeisson-santiesteban/go_web/integracion/internal/transactions/repository.go:164.2,164.15 1 1
github.com/jsonSM99/backpack-bcgow6-jeisson-santiesteban/go_web/integracion/internal/transactions/repository.go:167.2,167.39 1 1
github.com/jsonSM99/backpack-bcgow6-jeisson-santiesteban/go_web/integracion/internal/transactions/repository.go:171.2,171.16 1 1
github.com/jsonSM99/backpack-bcgow6-jeisson-santiesteban/go_web/integracion/internal/transactions/repository.go:142.39,144.3 1 0
github.com/jsonSM99/backpack-bcgow6-jeisson-santiesteban/go_web/integracion/internal/transactions/repository.go:148.23,149.17 1 1
github.com/jsonSM99/backpack-bcgow6-jeisson-santiesteban/go_web/integracion/internal/transactions/repository.go:149.17,151.4 1 1
github.com/jsonSM99/backpack-bcgow6-jeisson-santiesteban/go_web/integracion/internal/transactions/repository.go:154.17,156.3 1 0
github.com/jsonSM99/backpack-bcgow6-jeisson-santiesteban/go_web/integracion/internal/transactions/repository.go:160.32,162.3 1 1
github.com/jsonSM99/backpack-bcgow6-jeisson-santiesteban/go_web/integracion/internal/transactions/repository.go:164.15,166.3 1 1
github.com/jsonSM99/backpack-bcgow6-jeisson-santiesteban/go_web/integracion/internal/transactions/repository.go:167.39,169.3 1 0
github.com/jsonSM99/backpack-bcgow6-jeisson-santiesteban/go_web/integracion/internal/transactions/service.go:14.39,18.2 1 1
github.com/jsonSM99/backpack-bcgow6-jeisson-santiesteban/go_web/integracion/internal/transactions/service.go:20.51,23.16 2 1
github.com/jsonSM99/backpack-bcgow6-jeisson-santiesteban/go_web/integracion/internal/transactions/service.go:27.2,27.16 1 1
github.com/jsonSM99/backpack-bcgow6-jeisson-santiesteban/go_web/integracion/internal/transactions/service.go:23.16,25.3 1 0
github.com/jsonSM99/backpack-bcgow6-jeisson-santiesteban/go_web/integracion/internal/transactions/service.go:30.120,33.16 2 0
github.com/jsonSM99/backpack-bcgow6-jeisson-santiesteban/go_web/integracion/internal/transactions/service.go:37.2,41.16 3 0
github.com/jsonSM99/backpack-bcgow6-jeisson-santiesteban/go_web/integracion/internal/transactions/service.go:45.2,45.25 1 0
github.com/jsonSM99/backpack-bcgow6-jeisson-santiesteban/go_web/integracion/internal/transactions/service.go:33.16,35.3 1 0
github.com/jsonSM99/backpack-bcgow6-jeisson-santiesteban/go_web/integracion/internal/transactions/service.go:41.16,43.3 1 0
github.com/jsonSM99/backpack-bcgow6-jeisson-santiesteban/go_web/integracion/internal/transactions/service.go:48.129,50.2 1 0
github.com/jsonSM99/backpack-bcgow6-jeisson-santiesteban/go_web/integracion/internal/transactions/service.go:52.40,54.2 1 1
github.com/jsonSM99/backpack-bcgow6-jeisson-santiesteban/go_web/integracion/internal/transactions/service.go:56.95,58.2 1 1
